<?xml version="1.0" encoding="UTF-8"?>
<testng-results ignored="0" total="1" passed="1" failed="0" skipped="0">
  <reporter-output>
  </reporter-output>
  <suite started-at="2024-09-28T22:34:03 IST" name="Default suite" finished-at="2024-09-28T22:34:14 IST" duration-ms="11624">
    <groups>
      <group name="cucumber">
        <method signature="AbstractTestNGCucumberTests.runScenario(io.cucumber.testng.PickleWrapper,io.cucumber.testng.FeatureWrapper)[pri:0, instance:TestRunner.TestRunner@7d900ecf]" name="runScenario" class="io.cucumber.testng.AbstractTestNGCucumberTests"/>
      </group> <!-- cucumber -->
    </groups>
    <test started-at="2024-09-28T22:34:03 IST" name="Default test" finished-at="2024-09-28T22:34:14 IST" duration-ms="11624">
      <class name="TestRunner.TestRunner">
        <test-method is-config="true" signature="setUpClass(org.testng.ITestContext)[pri:0, instance:TestRunner.TestRunner@7d900ecf]" started-at="2024-09-28T22:34:03 IST" name="setUpClass" finished-at="2024-09-28T22:34:04 IST" duration-ms="1244" status="PASS">
          <params>
            <param index="0">
              <value>
                <![CDATA[org.testng.TestRunner@1ac0cdb0]]>
              </value>
            </param>
          </params>
          <reporter-output>
          </reporter-output>
        </test-method> <!-- setUpClass -->
        <test-method signature="runScenario(io.cucumber.testng.PickleWrapper,io.cucumber.testng.FeatureWrapper)[pri:0, instance:TestRunner.TestRunner@7d900ecf]" started-at="2024-09-28T22:34:04 IST" name="runScenario" description="Runs Cucumber Scenarios" data-provider="scenarios" finished-at="2024-09-28T22:34:14 IST" duration-ms="10130" status="PASS">
          <params>
            <param index="0">
              <value>
                <![CDATA["Creating a new booking request"]]>
              </value>
            </param>
            <param index="1">
              <value>
                <![CDATA["Creating a new create booking record"]]>
              </value>
            </param>
          </params>
          <reporter-output>
          </reporter-output>
        </test-method> <!-- runScenario -->
        <test-method is-config="true" signature="tearDownClass()[pri:0, instance:TestRunner.TestRunner@7d900ecf]" started-at="2024-09-28T22:34:14 IST" name="tearDownClass" finished-at="2024-09-28T22:34:14 IST" duration-ms="148" status="PASS">
          <reporter-output>
          </reporter-output>
        </test-method> <!-- tearDownClass -->
      </class> <!-- TestRunner.TestRunner -->
    </test> <!-- Default test -->
  </suite> <!-- Default suite -->
</testng-results>
